Compiling D:\Work\Projects\PWT\01_Code\PWT-V4.0\M1_Comm_Module\vmIMW_MCU1 on 26-Feb-21 at 17:07
D:\Work\Projects\PWT\01_Code\PWT-V4.0\Common\vmCRCConfig.h:77:1:  Warning#203  Condition always TRUE
D:\Work\Projects\PWT\01_Code\PWT-V4.0\Common\vmCRCConfig.h:87:1:  Warning#203  Condition always TRUE
D:\Work\Projects\PWT\01_Code\PWT-V4.0\Common\vmModbusGlobal.h:10:33:  Warning#225  Duplicate #define
D:\Work\Projects\PWT\01_Code\PWT-V4.0\Common\vmModbusGlobal.h:11:37:  Warning#225  Duplicate #define
D:\Work\Projects\PWT\01_Code\PWT-V4.0\M1_Comm_Module\vmIMW_MCU1.c:255:1:  Warning#216  Interrupts disabled during call to prevent re-entrancy:  (@MUL1616)
D:\Work\Projects\PWT\01_Code\PWT-V4.0\M1_Comm_Module\vmIMW_MCU1.c:255:1:  Warning#216  Interrupts disabled during call to prevent re-entrancy:  (@DIV88)
D:\Work\Projects\PWT\01_Code\PWT-V4.0\M1_Comm_Module\vmIMW_MCU1.c:255:1:  Warning#216  Interrupts disabled during call to prevent re-entrancy:  (@DIV1616)
D:\Work\Projects\PWT\01_Code\PWT-V4.0\M1_Comm_Module\vmM1Common.h:70:16:  Warning#202  Variable never used:   g_fISRAllByteReceived
D:\Work\Projects\PWT\01_Code\PWT-V4.0\M1_Comm_Module\vmM1Common.h:72:15:  Warning#202  Variable never used:   g_RS485TxBuffer
D:\Work\Projects\PWT\01_Code\PWT-V4.0\M1_Comm_Module\vmM1Common.h:73:15:  Warning#202  Variable never used:   g_RS485RxBuffer
D:\Work\Projects\PWT\01_Code\PWT-V4.0\M1_Comm_Module\vmM1Common.h:75:16:  Warning#202  Variable never used:   g_fRS485DataReady
D:\Work\Projects\PWT\01_Code\PWT-V4.0\M1_Comm_Module\vmM1Common.h:76:16:  Warning#202  Variable never used:   g_ui8ByteToSend
D:\Work\Projects\PWT\01_Code\PWT-V4.0\M1_Comm_Module\vmM1Common.h:77:16:  Warning#202  Variable never used:   g_ui8fRS485DataSend
D:\Work\Projects\PWT\01_Code\PWT-V4.0\M1_Comm_Module\vmM1Common.h:140:15:  Warning#202  Variable never used:   g_fIsLastElementInGPRSQueue
D:\Work\Projects\PWT\01_Code\PWT-V4.0\Common\vmIBUGlobal.h:240:25:  Warning#202  Variable never used:   g_boardModeType
D:\Work\Projects\PWT\01_Code\PWT-V4.0\Common\vmIBUGlobal.h:241:25:  Warning#202  Variable never used:   g_boardModeTypePre
D:\Work\Projects\PWT\01_Code\PWT-V4.0\Common\vmIBUGlobal.h:242:25:  Warning#202  Variable never used:   g_ui16DIStatus
D:\Work\Projects\PWT\01_Code\PWT-V4.0\Common\vmIBUGlobal.h:243:25:  Warning#202  Variable never used:   g_ui16DOStatus
D:\Work\Projects\PWT\01_Code\PWT-V4.0\Common\vmIBUGlobal.h:244:25:  Warning#202  Variable never used:   g_ui16ErrorStatus
D:\Work\Projects\PWT\01_Code\PWT-V4.0\Common\vmIBUGlobal.h:245:25:  Warning#202  Variable never used:   g_ui8IncrementIndex
D:\Work\Projects\PWT\01_Code\PWT-V4.0\Common\vmIBUGlobal.h:246:25:  Warning#202  Variable never used:   g_fIBUSendLockStatus
D:\Work\Projects\PWT\01_Code\PWT-V4.0\Common\vmIBUGlobal.h:247:25:  Warning#202  Variable never used:   g_ui8IBUTempByte
D:\Work\Projects\PWT\01_Code\PWT-V4.0\Common\vmIBUGlobal.h:248:25:  Warning#202  Variable never used:   g_fDataReady
D:\Work\Projects\PWT\01_Code\PWT-V4.0\Common\vmIBUGlobal.h:254:37:  Warning#202  Variable never used:   g_unIBUResetCalib
D:\Work\Projects\PWT\01_Code\PWT-V4.0\Common\vmIBUGlobal.h:258:37:  Warning#202  Variable never used:   g_unIBUResetCalibWeight
D:\Work\Projects\PWT\01_Code\PWT-V4.0\Common\vmIBUConfig.h:50:15:  Warning#202  Variable never used:   g_ui8CameraRcvBuffer
D:\Work\Projects\PWT\01_Code\PWT-V4.0\Common\vmIBUConfig.h:51:15:  Warning#202  Variable never used:   g_ui8CamRcvByteCount
D:\Work\Projects\PWT\01_Code\PWT-V4.0\Common\vmIBUConfig.h:91:27:  Warning#202  Variable never used:   g_ui8IBURcvBitCount
D:\Work\Projects\PWT\01_Code\PWT-V4.0\Common\vmIBUConfig.h:92:27:  Warning#202  Variable never used:   g_ui8IBUTxBitCount
D:\Work\Projects\PWT\01_Code\PWT-V4.0\Common\vmIBUConfig.h:95:27:  Warning#202  Variable never used:   g_ui8IBUDataToSend
D:\Work\Projects\PWT\01_Code\PWT-V4.0\Common\vmIBUConfig.h:96:27:  Warning#202  Variable never used:   g_fIBUCommStatus
D:\Work\Projects\PWT\01_Code\PWT-V4.0\Common\vmIBUConfig.h:100:27:  Warning#202  Variable never used:   g_ui8ArrSendSingleMSG
D:\Work\Projects\PWT\01_Code\PWT-V4.0\Common\vmIBUConfig.h:101:27:  Warning#202  Variable never used:   g_fIBUDataReceived
D:\Work\Projects\PWT\01_Code\PWT-V4.0\Common\vmIBUConfig.h:110:27:  Warning#202  Variable never used:   g_ui8fTimer0State
D:\Work\Projects\PWT\01_Code\PWT-V4.0\Common\vmIBUConfig.h:112:27:  Warning#202  Variable never used:   g_fIBUDataRcvStatus
D:\Work\Projects\PWT\01_Code\PWT-V4.0\Common\vmIBUConfig.h:484:19:  Warning#202  Variable never used:   ui8CurPosition
D:\Work\Projects\PWT\01_Code\PWT-V4.0\Common\vmIBUConfig.h:929:15:  Warning#202  Variable never used:   g_ui8CompleteMSGFound
D:\Work\Projects\PWT\01_Code\PWT-V4.0\Common\vmModbusGlobal.h:46:16:  Warning#202  Variable never used:   g_ui16CurrProdAvgWt
D:\Work\Projects\PWT\01_Code\PWT-V4.0\Common\vmModbusGlobal.h:64:17:  Warning#202  Variable never used:   g_ui16HMITimeStamp
D:\Work\Projects\PWT\01_Code\PWT-V4.0\Common\vmModbusGlobal.h:76:16:  Warning#202  Variable never used:   g_ui8ATResponseCheckTime
D:\Work\Projects\PWT\01_Code\PWT-V4.0\Common\vmModbusGlobal.h:82:15:  Warning#202  Variable never used:   g_ui8HTTPGETSessionTime
D:\Work\Projects\PWT\01_Code\PWT-V4.0\Common\vmModbusGlobal.h:85:15:  Warning#202  Variable never used:   g_ui8WirelessModemResetTime
D:\Work\Projects\PWT\01_Code\PWT-V4.0\Common\vmModbusGlobal.h:88:15:  Warning#202  Variable never used:   g_ui8WirelessModemNWReccntHaltTime
D:\Work\Projects\PWT\01_Code\PWT-V4.0\Common\vmModbusGlobal.h:100:16:  Warning#202  Variable never used:   g_ui8WirelessModemPeriodicResetIntervalTime
D:\Work\Projects\PWT\01_Code\PWT-V4.0\M1_Comm_Module\vmTimerConfig.h:63:16:  Warning#202  Variable never used:   g_ui16StackerEmptyDelayCount
D:\Work\Projects\PWT\01_Code\PWT-V4.0\M1_Comm_Module\vmTimerConfig.h:64:16:  Warning#202  Variable never used:   g_fDIChangeState
D:\Work\Projects\PWT\01_Code\PWT-V4.0\M1_Comm_Module\vmTimerConfig.h:74:16:  Warning#202  Variable never used:   g_fKeepAliveQueryCheck
D:\Work\Projects\PWT\01_Code\PWT-V4.0\M1_Comm_Module\vmGSMM66_GPRSConfig.h:64:21:  Warning#202  Variable never used:   g_ui8URLInputByteLength
D:\Work\Projects\PWT\01_Code\PWT-V4.0\M1_Comm_Module\vmGSMM66_GPRSConfig.h:65:21:  Warning#202  Variable never used:   g_ui8URLInputTime
D:\Work\Projects\PWT\01_Code\PWT-V4.0\M1_Comm_Module\vmGSMM66_GPRSConfig.h:66:21:  Warning#202  Variable never used:   g_ui16Itm1SequenceNumber
D:\Work\Projects\PWT\01_Code\PWT-V4.0\M1_Comm_Module\vmGSMM66_GPRSConfig.h:67:21:  Warning#202  Variable never used:   g_ui16Itm2SequenceNumber
D:\Work\Projects\PWT\01_Code\PWT-V4.0\M1_Comm_Module\vmGSMM66_GPRSConfig.h:68:21:  Warning#202  Variable never used:   g_ui16ItemWeight
D:\Work\Projects\PWT\01_Code\PWT-V4.0\M1_Comm_Module\vmGSMM66_GPRSConfig.h:69:21:  Warning#202  Variable never used:   g_ui8DataQueueLen
D:\Work\Projects\PWT\01_Code\PWT-V4.0\M1_Comm_Module\vmGSMM66_GPRSConfig.h:70:21:  Warning#202  Variable never used:   g_fGPRSSequence
D:\Work\Projects\PWT\01_Code\PWT-V4.0\M1_Comm_Module\vmGSMM66_GPRSConfig.h:71:21:  Warning#202  Variable never used:   g_fGPRSFailureBit
D:\Work\Projects\PWT\01_Code\PWT-V4.0\M1_Comm_Module\vmIBCProcessM1.h:21:19:  Warning#202  Variable never used:   ui8Counter
D:\Work\Projects\PWT\01_Code\PWT-V4.0\M1_Comm_Module\vmRS485Config.h:576:20:  Warning#202  Variable never used:   ui8NoOfVariety
D:\Work\Projects\PWT\01_Code\PWT-V4.0\M1_Comm_Module\vmRS485Config.h:577:20:  Warning#202  Variable never used:   ui8WriteMulRegParseByteIndx
      Memory usage:   ROM=28%      RAM=86% - 88%
      0 Errors,  58 Warnings.
Build Successful.
